Arguments: 
  /usr/bin/node /usr/bin/yarn add fastfy

PATH: 
  /home/cabrazil/.local/bin:/usr/local/sbin:/usr/local/bin:/usr/sbin:/usr/bin:/sbin:/bin:/usr/games:/usr/local/games:/snap/bin:/home/cabrazil/Android/Sdk/emulator:/home/cabrazil/Android/Sdk/tools:/home/cabrazil/Android/Sdk/tools/bin:/home/cabrazil/Android/Sdk/platform-tools:/home/cabrazil/android-studio/bin:/home/cabrazil/Android/Sdk/emulator:/home/cabrazil/Android/Sdk/tools:/home/cabrazil/Android/Sdk/tools/bin:/home/cabrazil/Android/Sdk/platform-tools:/home/cabrazil/android-studio/bin:/home/cabrazil/Android/Sdk/emulator:/home/cabrazil/Android/Sdk/tools:/home/cabrazil/Android/Sdk/tools/bin:/home/cabrazil/Android/Sdk/platform-tools:/home/cabrazil/android-studio/bin

Yarn version: 
  1.22.17

Node version: 
  16.18.0

Platform: 
  linux x64

Trace: 
  Error: https://registry.yarnpkg.com/fastfy: Not found
      at Request.params.callback [as _callback] (/usr/lib/node_modules/yarn/lib/cli.js:67029:18)
      at Request.self.callback (/usr/lib/node_modules/yarn/lib/cli.js:140883:22)
      at Request.emit (node:events:513:28)
      at Request.<anonymous> (/usr/lib/node_modules/yarn/lib/cli.js:141855:10)
      at Request.emit (node:events:513:28)
      at IncomingMessage.<anonymous> (/usr/lib/node_modules/yarn/lib/cli.js:141777:12)
      at Object.onceWrapper (node:events:627:28)
      at IncomingMessage.emit (node:events:525:35)
      at endReadableNT (node:internal/streams/readable:1358:12)
      at processTicksAndRejections (node:internal/process/task_queues:83:21)

npm manifest: 
  {
    "name": "server",
    "version": "1.0.0",
    "main": "index.js",
    "license": "MIT",
    "devDependencies": {
      "typescript": "^4.8.4"
    }
  }

yarn manifest: 
  No manifest

Lockfile: 
  # THIS IS AN AUTOGENERATED FILE. DO NOT EDIT THIS FILE DIRECTLY.
  # yarn lockfile v1
  
  
  typescript@^4.8.4:
    version "4.8.4"
    resolved "https://registry.yarnpkg.com/typescript/-/typescript-4.8.4.tgz#c464abca159669597be5f96b8943500b238e60e6"
    integrity sha512-QCh+85mCy+h0IGff8r5XWzOVSbBO+KfeYrMQh7NJ58QujwcE22u+NUSmUxqF+un70P9GXKxa2HCNiTTMJknyjQ==
